Name:             fraud-detection-nb
Namespace:        applications
Selector:         batch.kubernetes.io/controller-uid=6bf468b6-6827-49a3-9b50-43e27f7c7187
Labels:           batch.kubernetes.io/controller-uid=6bf468b6-6827-49a3-9b50-43e27f7c7187
                  batch.kubernetes.io/job-name=fraud-detection-nb
                  controller-uid=6bf468b6-6827-49a3-9b50-43e27f7c7187
                  job-name=fraud-detection-nb
Annotations:      <none>
Parallelism:      1
Completions:      1
Completion Mode:  NonIndexed
Suspend:          false
Backoff Limit:    2
Start Time:       Tue, 21 Oct 2025 15:31:04 +0100
Completed At:     Tue, 21 Oct 2025 17:06:56 +0100
Duration:         95m
Pods Statuses:    0 Active (0 Ready) / 1 Succeeded / 0 Failed
Pod Template:
  Labels:  batch.kubernetes.io/controller-uid=6bf468b6-6827-49a3-9b50-43e27f7c7187
           batch.kubernetes.io/job-name=fraud-detection-nb
           controller-uid=6bf468b6-6827-49a3-9b50-43e27f7c7187
           job-name=fraud-detection-nb
  Containers:
   nb:
    Image:      nosqlbench/nosqlbench:latest
    Port:       <none>
    Host Port:  <none>
    Args:
      workloads/fraud_detection
      default.schema
      default.rampup
      default.main
      host=cass3-cass3-dc-1-service.perf-hq5ru64r.svc.cluster.local
      username=cass3-superuser
      password=yourPassword
      localdc=dc-1
      --progress
      console:5s
      --report-summary-to
      stdout:20
      errors=counter,warn
      --report-interval
      60
    Limits:
      cpu:     4
      memory:  8Gi
    Requests:
      cpu:     2
      memory:  4Gi
    Environment:
      JAVA_OPTS:  --enable-preview --enable-native-access=ALL-UNNAMED
    Mounts:
      /.nosqlbench from state (rw)
      /logs from logs (rw)
      /workloads from workload (rw)
  Volumes:
   workload:
    Type:      ConfigMap (a volume populated by a ConfigMap)
    Name:      fraud-detection-nb
    Optional:  false
   logs:
    Type:       EmptyDir (a temporary directory that shares a pod's lifetime)
    Medium:     
    SizeLimit:  <unset>
   state:
    Type:          EmptyDir (a temporary directory that shares a pod's lifetime)
    Medium:        
    SizeLimit:     <unset>
  Node-Selectors:  mission-control.datastax.com/role=application
  Tolerations:     <none>
Events:
  Type    Reason     Age   From            Message
  ----    ------     ----  ----            -------
  Normal  Completed  50s   job-controller  Job completed
